<?xml version='1.0' encoding='UTF-8'?>
<testsuite hostname="BRYANT-LAPTOP" name="TaskManagerSpec" tests="2" errors="0" failures="0" skipped="0" time="0.011" timestamp="2021-07-16T03:25:19">
          <properties>
[...]
</properties>
          <testcase classname="TaskManagerSpec" name="An empty task list should have 0 tasks due today" time="0.01">
                      
                    </testcase><testcase classname="TaskManagerSpec" name="A task list with one task due today should have 1 task due today" time="0.001">
                      
                    </testcase>
          <system-out><![CDATA[]]></system-out>
          <system-err><![CDATA[]]></system-err>
        </testsuite>